0 info it worked if it ends with ok
1 verbose cli [ '/Users/evanl/.nvm/versions/node/v4.6.0/bin/node',
1 verbose cli   '/Users/evanl/.nvm/versions/node/v4.6.0/bin/npm',
1 verbose cli   'run',
1 verbose cli   'test' ]
2 info using npm@3.10.9
3 info using node@v4.6.0
4 verbose run-script [ 'pretest', 'test', 'posttest' ]
5 info lifecycle css-url-replace@1.0.0~pretest: css-url-replace@1.0.0
6 silly lifecycle css-url-replace@1.0.0~pretest: no script for pretest, continuing
7 info lifecycle css-url-replace@1.0.0~test: css-url-replace@1.0.0
8 verbose lifecycle css-url-replace@1.0.0~test: unsafe-perm in lifecycle true
9 verbose lifecycle css-url-replace@1.0.0~test: PATH: /Users/evanl/.nvm/versions/node/v4.6.0/lib/node_modules/npm/bin/node-gyp-bin:/Users/evanl/Source/github/css-url-replace/node_modules/.bin:/Users/evanl/.nvm/versions/node/v4.6.0/bin:/opt/chefdk/bin:/Users/evanl/.chefdk/gem/ruby/2.3.0/bin:/opt/chefdk/embedded/bin:/opt/chef/embedded/bin:/usr/local/bin:/usr/bin:/bin:/usr/sbin:/sbin:./node_modules/.bin:/opt/chefdk/gitbin:/Users/evanl/.yarn/bin:/Users/evanl/Library/Android/sdk/tools:/Users/evanl/Library/Android/sdk/platform-tools
10 verbose lifecycle css-url-replace@1.0.0~test: CWD: /Users/evanl/Source/github/css-url-replace
11 silly lifecycle css-url-replace@1.0.0~test: Args: [ '-c', 'mocha test' ]
12 info lifecycle css-url-replace@1.0.0~test: Failed to exec test script
13 verbose stack Error: css-url-replace@1.0.0 test: `mocha test`
13 verbose stack spawn ENOENT
13 verbose stack     at ChildProcess.<anonymous> (/Users/evanl/.nvm/versions/node/v4.6.0/lib/node_modules/npm/lib/utils/spawn.js:33:16)
13 verbose stack     at emitTwo (events.js:87:13)
13 verbose stack     at ChildProcess.emit (events.js:172:7)
13 verbose stack     at maybeClose (internal/child_process.js:829:16)
13 verbose stack     at Process.ChildProcess._handle.onexit (internal/child_process.js:211:5)
14 verbose pkgid css-url-replace@1.0.0
15 verbose cwd /Users/evanl/Source/github/css-url-replace
16 error Darwin 16.4.0
17 error argv "/Users/evanl/.nvm/versions/node/v4.6.0/bin/node" "/Users/evanl/.nvm/versions/node/v4.6.0/bin/npm" "run" "test"
18 error node v4.6.0
19 error npm  v3.10.9
20 error file sh
21 error code ELIFECYCLE
22 error errno ENOENT
23 error syscall spawn
24 error css-url-replace@1.0.0 test: `mocha test`
24 error spawn ENOENT
25 error Failed at the css-url-replace@1.0.0 test script 'mocha test'.
25 error Make sure you have the latest version of node.js and npm installed.
25 error If you do, this is most likely a problem with the css-url-replace package,
25 error not with npm itself.
25 error Tell the author that this fails on your system:
25 error     mocha test
25 error You can get information on how to open an issue for this project with:
25 error     npm bugs css-url-replace
25 error Or if that isn't available, you can get their info via:
25 error     npm owner ls css-url-replace
25 error There is likely additional logging output above.
26 verbose exit [ 1, true ]
